<?xml version="1.0" encoding="UTF-8"?>
<testsuite xmlns:xsi="http://www.w3.org/2001/XMLSchema-instance" xsi:noNamespaceSchemaLocation="https://maven.apache.org/surefire/maven-surefire-plugin/xsd/surefire-test-report.xsd" version="3.0.2" name="com.learnwiremock.service.MoviesRestClientServerErrorTest" time="10.58" tests="6" errors="0" skipped="0" failures="0" flakes="0">
  <properties>
[...]
</properties>
  <testcase name="retrieveAllMoviesFaultEmptyResponseTest" classname="com.learnwiremock.service.MoviesRestClientServerErrorTest" time="0.023">
    <system-out><![CDATA[17:16:57.583 [reactor-http-nio-4] WARN reactor.netty.http.client.HttpClientConnect -- [16cc99a6-1, L:/127.0.0.1:54295 ! R:localhost/127.0.0.1:54294] The connection observed an error
reactor.netty.http.client.PrematureCloseException: Connection prematurely closed BEFORE response
17:16:57.588 [main] ERROR com.learnwiremock.service.MoviesRestClient -- Unexpected error: Connection prematurely closed BEFORE response
]]></system-out>
  </testcase>
  <testcase name="latencyAndTimeoutFixedDelayTest" classname="com.learnwiremock.service.MoviesRestClientServerErrorTest" time="5.011">
    <system-out><![CDATA[17:17:02.599 [reactor-http-nio-6] WARN reactor.netty.http.client.HttpClientConnect -- [0d409c69-1, L:/127.0.0.1:54296 - R:localhost/127.0.0.1:54294] The connection observed an error
io.netty.handler.timeout.ReadTimeoutException
17:17:02.600 [main] ERROR com.learnwiremock.service.MoviesRestClient -- Unexpected error: null
]]></system-out>
  </testcase>
  <testcase name="retrieveAllMovies500Test" classname="com.learnwiremock.service.MoviesRestClientServerErrorTest" time="0.009">
    <system-out><![CDATA[17:17:02.611 [main] ERROR com.learnwiremock.service.MoviesRestClient -- HTTP error: status=500 INTERNAL_SERVER_ERROR, body=
]]></system-out>
  </testcase>
  <testcase name="retrieveAllMovies503Test" classname="com.learnwiremock.service.MoviesRestClientServerErrorTest" time="0.006">
    <system-out><![CDATA[17:17:02.618 [main] ERROR com.learnwiremock.service.MoviesRestClient -- HTTP error: status=503 SERVICE_UNAVAILABLE, body=
]]></system-out>
  </testcase>
  <testcase name="retrieveAllMoviesFaultRandomDataTest" classname="com.learnwiremock.service.MoviesRestClientServerErrorTest" time="0.006">
    <system-out><![CDATA[17:17:02.624 [reactor-http-nio-8] WARN reactor.netty.http.client.HttpClientConnect -- [1057f9e8-3, L:/127.0.0.1:54297 ! R:localhost/127.0.0.1:54294] The connection observed an error
reactor.netty.http.client.PrematureCloseException: Connection prematurely closed BEFORE response
17:17:02.624 [main] ERROR com.learnwiremock.service.MoviesRestClient -- Unexpected error: Connection prematurely closed BEFORE response
]]></system-out>
  </testcase>
  <testcase name="latencyAndTimeoutRandomDelayTest" classname="com.learnwiremock.service.MoviesRestClientServerErrorTest" time="5.007">
    <system-out><![CDATA[17:17:07.630 [reactor-http-nio-10] WARN reactor.netty.http.client.HttpClientConnect -- [425d76d3-1, L:/127.0.0.1:54298 - R:localhost/127.0.0.1:54294] The connection observed an error
io.netty.handler.timeout.ReadTimeoutException
17:17:07.631 [main] ERROR com.learnwiremock.service.MoviesRestClient -- Unexpected error: null
]]></system-out>
  </testcase>
</testsuite>